<?xml version="1.0" encoding="UTF-8"?>
<!-- Generated by org.testng.reporters.JUnitXMLReporter -->
<testsuite ignored="0" hostname="DESKTOP-P5IVB9J" failures="0" tests="4" name="Default test" time="3.632" errors="0" timestamp="2025-05-05T15:17:01 EET">
  <testcase classname="finalProject.finalProject.AppTest" name="CheckTheSiteLanguage" time="0.051"/>
  <testcase classname="finalProject.finalProject.AppTest" name="CheckCurrency" time="0.047"/>
  <testcase classname="finalProject.finalProject.AppTest" name="MobileNumber" time="0.039"/>
  <testcase classname="finalProject.finalProject.AppTest" name="TakafulLogo" time="0.065"/>
</testsuite> <!-- Default test -->
