<?xml version="1.0" encoding="UTF-8"?>
<testng-results ignored="0" total="4" passed="4" failed="0" skipped="0">
  <reporter-output>
  </reporter-output>
  <suite started-at="2025-05-05T15:16:57 EET" name="Default suite" finished-at="2025-05-05T15:17:01 EET" duration-ms="3632">
    <groups>
    </groups>
    <test started-at="2025-05-05T15:16:57 EET" name="Default test" finished-at="2025-05-05T15:17:01 EET" duration-ms="3632">
      <class name="finalProject.finalProject.AppTest">
        <test-method is-config="true" signature="MySetup()[pri:0, instance:finalProject.finalProject.AppTest@1d2bd371]" started-at="2025-05-05T15:16:57 EET" name="MySetup" finished-at="2025-05-05T15:17:01 EET" duration-ms="3366" status="PASS">
          <reporter-output>
          </reporter-output>
        </test-method> <!-- MySetup -->
        <test-method signature="CheckTheSiteLanguage()[pri:1, instance:finalProject.finalProject.AppTest@1d2bd371]" started-at="2025-05-05T15:17:01 EET" name="CheckTheSiteLanguage" finished-at="2025-05-05T15:17:01 EET" duration-ms="51" status="PASS">
          <reporter-output>
          </reporter-output>
        </test-method> <!-- CheckTheSiteLanguage -->
        <test-method signature="CheckCurrency()[pri:2, instance:finalProject.finalProject.AppTest@1d2bd371]" started-at="2025-05-05T15:17:01 EET" name="CheckCurrency" finished-at="2025-05-05T15:17:01 EET" duration-ms="47" status="PASS">
          <reporter-output>
          </reporter-output>
        </test-method> <!-- CheckCurrency -->
        <test-method signature="MobileNumber()[pri:3, instance:finalProject.finalProject.AppTest@1d2bd371]" started-at="2025-05-05T15:17:01 EET" name="MobileNumber" finished-at="2025-05-05T15:17:01 EET" duration-ms="39" status="PASS">
          <reporter-output>
          </reporter-output>
        </test-method> <!-- MobileNumber -->
        <test-method signature="TakafulLogo()[pri:4, instance:finalProject.finalProject.AppTest@1d2bd371]" started-at="2025-05-05T15:17:01 EET" name="TakafulLogo" finished-at="2025-05-05T15:17:01 EET" duration-ms="65" status="PASS">
          <reporter-output>
          </reporter-output>
        </test-method> <!-- TakafulLogo -->
        <test-method is-config="true" signature="quit()[pri:0, instance:finalProject.finalProject.AppTest@1d2bd371]" started-at="2025-05-05T15:17:01 EET" name="quit" finished-at="2025-05-05T15:17:01 EET" duration-ms="1" status="PASS">
          <reporter-output>
          </reporter-output>
        </test-method> <!-- quit -->
      </class> <!-- finalProject.finalProject.AppTest -->
    </test> <!-- Default test -->
  </suite> <!-- Default suite -->
</testng-results>
